<?xml version="1.0" encoding="UTF-8"?>
<!-- Generated by org.testng.reporters.JUnitReportReporter -->
<testsuite skipped="0" hostname="DESKTOP-0OQFL2A" name="com.shopping.flipkart.testcases.HomePagetc" tests="1" failures="0" timestamp="23 Aug 2020 12:20:26 GMT" time="52.129" errors="0">
  <testcase name="fillUserForm" time="52.129" classname="com.shopping.flipkart.testcases.HomePagetc"/>
</testsuite> <!-- com.shopping.flipkart.testcases.HomePagetc -->
